--------------------------------------------------------------------------------
Makelog started: 2024-09-03 19:41:45
Working directory: /oak/stanford/groups/gentzkow/zlxcindy/template_archive/analysis
--------------------------------------------------------------------------------
Input links successfully created!
External links successfully created!
Source logs successfully written!
WARNING! The following target files have been modified according to git status:
/oak/stanford/groups/gentzkow/zlxcindy/template_archive/data/output/data_cleaned.csv
Version logs successfully written!
Executing command: `python  "/oak/stanford/groups/gentzkow/zlxcindy/template_archive/analysis/code/analyze_data.py" `
/home/users/zlxcindy/miniconda3/envs/template/lib/python3.12/site-packages/linearmodels/panel/model.py:1219: MissingValueWarning: 
Inputs contain missing values. Dropping rows with missing observations.
  super().__init__(dependent, exog, weights=weights, check_rank=check_rank)
/home/users/zlxcindy/miniconda3/envs/template/lib/python3.12/site-packages/linearmodels/panel/model.py:1219: MissingValueWarning: 
Inputs contain missing values. Dropping rows with missing observations.
  super().__init__(dependent, exog, weights=weights, check_rank=check_rank)
/home/users/zlxcindy/miniconda3/envs/template/lib/python3.12/site-packages/linearmodels/panel/model.py:1219: MissingValueWarning: 
Inputs contain missing values. Dropping rows with missing observations.
  super().__init__(dependent, exog, weights=weights, check_rank=check_rank)
/home/users/zlxcindy/miniconda3/envs/template/lib/python3.12/site-packages/linearmodels/panel/model.py:1219: MissingValueWarning: 
Inputs contain missing values. Dropping rows with missing observations.
  super().__init__(dependent, exog, weights=weights, check_rank=check_rank)

Output logs successfully written!
--------------------------------------------------------------------------------
Makelog ended: 2024-09-03 19:41:58
Working directory: /oak/stanford/groups/gentzkow/zlxcindy/template_archive/analysis
--------------------------------------------------------------------------------
